<?xml version="1.0" encoding="UTF-8"?>
<!-- Generated by org.testng.reporters.JUnitReportReporter -->
<testsuite hostname="Ganesh-PC" failures="0" tests="1" name="com.oib.testscript.Tc003EmployeeRegistration" time="15.337" errors="0" timestamp="29 Apr 2022 11:06:53 GMT">
  <testcase classname="com.oib.testscript.Tc003EmployeeRegistration" name="employeeRegister" time="15.337"/>
</testsuite> <!-- com.oib.testscript.Tc003EmployeeRegistration -->
