<?xml version="1.0" encoding="UTF-8"?>
<!-- Generated by org.testng.reporters.JUnitReportReporter -->
<testsuite hostname="Ganesh-PC" failures="0" tests="1" name="com.oib.testscript.TC001_BranchRegister" time="16.149" errors="0" timestamp="29 Apr 2022 11:06:53 GMT">
  <testcase classname="com.oib.testscript.TC001_BranchRegister" name="branchRegister" time="16.149"/>
</testsuite> <!-- com.oib.testscript.TC001_BranchRegister -->
